<?xml version="1.0" encoding="UTF-8"?>
<!-- Generated by org.testng.reporters.JUnitXMLReporter -->
<testsuite ignored="1" hostname="Ansuman" failures="0" tests="1" name="Test" time="21.522" errors="0" timestamp="2023-07-27T21:02:42 IST">
  <testcase classname="vtiger.ContactsTests.CreateContactWithOrganizationTest" name="createContactWithOrgTest" time="14.078"/>
  <testcase classname="vtiger.ContactsTests.CreateContactWithOrganizationTest" name="demo" time="0.0">
    <ignored/>
  </testcase> <!-- demo -->
</testsuite> <!-- Test -->
