<?xml version="1.0" encoding="UTF-8"?>
<!-- Generated by org.testng.reporters.JUnitXMLReporter -->
<testsuite ignored="2" hostname="Ansuman" failures="2" tests="2" name="Test" time="206.957" errors="0" timestamp="2023-07-30T22:53:29 IST">
  <testcase classname="vtiger.OrganizationsTests.CreateOrgWithIndustryTest" name="createOrgWithIndTest" time="6.804">
    <failure type="java.lang.AssertionError" message="null">
      <![CDATA[java.lang.AssertionError: null
at vtiger.OrganizationsTests.CreateOrgWithIndustryTest.createOrgWithIndTest(CreateOrgWithIndustryTest.java:40)
at java.base/java.util.ArrayList.forEach(ArrayList.java:1511)
... Removed 29 stack frames]]>
    </failure>
  </testcase> <!-- createOrgWithIndTest -->
  <testcase classname="vtiger.ContactsTests.CreateContact" name="createContactTest" time="9.671">
    <failure type="java.lang.AssertionError" message="expected [false] but found [true]">
      <![CDATA[java.lang.AssertionError: expected [false] but found [true]
at vtiger.ContactsTests.CreateContact.createContactTest(CreateContact.java:55)
at java.base/java.util.ArrayList.forEach(ArrayList.java:1511)
... Removed 31 stack frames]]>
    </failure>
  </testcase> <!-- createContactTest -->
  <testcase classname="genericUtilities.BaseClass" name="@BeforeSuite bsConfig" time="0.0">
    <ignored/>
  </testcase> <!-- @BeforeSuite bsConfig -->
  <testcase classname="genericUtilities.BaseClass" name="@AfterSuite asConfig" time="0.0">
    <ignored/>
  </testcase> <!-- @AfterSuite asConfig -->
</testsuite> <!-- Test -->
