2023-08-19 23:56:45 INFO  ListenersImplementation:51 - createLeadTest ---- Test Execution Started ----
2023-08-19 23:56:48 INFO  ListenersImplementation:81 - createLeadTest ---- Test Execution Failed ----
2023-08-19 23:56:48 INFO  ListenersImplementation:83 - java.lang.AssertionError: expected [false] but found [true]createLeadTest
2023-08-19 23:56:48 INFO  ListenersImplementation:34 - Inside retry Message
2023-08-19 23:56:48 INFO  ListenersImplementation:81 - createLeadTest ---- Test Execution Failed ----
2023-08-19 23:56:48 INFO  ListenersImplementation:83 - java.lang.AssertionError: expected [false] but found [true]createLeadTest
2023-08-19 23:56:48 INFO  ListenersImplementation:34 - Inside retry Message
2023-08-19 23:56:49 INFO  ListenersImplementation:155 - ---- Execution finished ----
