<?xml version="1.0" encoding="UTF-8"?>
<testng-results ignored="1" total="2" passed="1" failed="0" skipped="0">
  <reporter-output>
  </reporter-output>
  <suite started-at="2023-07-27T21:02:21 IST" name="Suite" finished-at="2023-07-27T21:02:42 IST" duration-ms="21522">
    <groups>
      <group name="RegressionSuite">
        <method signature="CreateContactWithOrganizationTest.createContactWithOrgTest()[pri:0, instance:vtiger.ContactsTests.CreateContactWithOrganizationTest@5c6648b0]" name="createContactWithOrgTest" class="vtiger.ContactsTests.CreateContactWithOrganizationTest"/>
      </group> <!-- RegressionSuite -->
    </groups>
    <test started-at="2023-07-27T21:02:21 IST" name="Test" finished-at="2023-07-27T21:02:42 IST" duration-ms="21522">
      <class name="vtiger.ContactsTests.CreateContactWithOrganizationTest">
        <test-method is-config="true" signature="bsConfig()[pri:0, instance:vtiger.ContactsTests.CreateContactWithOrganizationTest@5c6648b0]" started-at="2023-07-27T21:02:21 IST" name="bsConfig" finished-at="2023-07-27T21:02:21 IST" duration-ms="8" status="PASS">
          <reporter-output>
          </reporter-output>
        </test-method> <!-- bsConfig -->
        <test-method is-config="true" signature="bcConfig()[pri:0, instance:vtiger.ContactsTests.CreateContactWithOrganizationTest@5c6648b0]" started-at="2023-07-27T21:02:21 IST" name="bcConfig" finished-at="2023-07-27T21:02:25 IST" duration-ms="4164" status="PASS">
          <reporter-output>
          </reporter-output>
        </test-method> <!-- bcConfig -->
        <test-method is-config="true" signature="bmConfig()[pri:0, instance:vtiger.ContactsTests.CreateContactWithOrganizationTest@5c6648b0]" started-at="2023-07-27T21:02:25 IST" name="bmConfig" finished-at="2023-07-27T21:02:27 IST" duration-ms="1905" status="PASS">
          <reporter-output>
          </reporter-output>
        </test-method> <!-- bmConfig -->
        <test-method signature="createContactWithOrgTest()[pri:0, instance:vtiger.ContactsTests.CreateContactWithOrganizationTest@5c6648b0]" started-at="2023-07-27T21:02:27 IST" name="createContactWithOrgTest" finished-at="2023-07-27T21:02:41 IST" duration-ms="14078" status="PASS">
          <reporter-output>
          </reporter-output>
        </test-method> <!-- createContactWithOrgTest -->
        <test-method is-config="true" signature="amConfig()[pri:0, instance:vtiger.ContactsTests.CreateContactWithOrganizationTest@5c6648b0]" started-at="2023-07-27T21:02:41 IST" name="amConfig" finished-at="2023-07-27T21:02:42 IST" duration-ms="1039" status="PASS">
          <reporter-output>
          </reporter-output>
        </test-method> <!-- amConfig -->
        <test-method is-config="true" signature="acConfig()[pri:0, instance:vtiger.ContactsTests.CreateContactWithOrganizationTest@5c6648b0]" started-at="2023-07-27T21:02:42 IST" name="acConfig" finished-at="2023-07-27T21:02:42 IST" duration-ms="294" status="PASS">
          <reporter-output>
          </reporter-output>
        </test-method> <!-- acConfig -->
        <test-method is-config="true" signature="asConfig()[pri:0, instance:vtiger.ContactsTests.CreateContactWithOrganizationTest@5c6648b0]" started-at="2023-07-27T21:02:42 IST" name="asConfig" finished-at="2023-07-27T21:02:42 IST" duration-ms="0" status="PASS">
          <reporter-output>
          </reporter-output>
        </test-method> <!-- asConfig -->
      </class> <!-- vtiger.ContactsTests.CreateContactWithOrganizationTest -->
    </test> <!-- Test -->
  </suite> <!-- Suite -->
</testng-results>
